<?xml version="1.0" encoding="UTF-8"?>
<!-- Generated by org.testng.reporters.JUnitReportReporter -->
<testsuite hostname="Phavithras-MacBook-Air.local" failures="0" tests="5" name="testHospitalSolutions" time="0.061" errors="0" timestamp="2021-05-07T16:07:38 IST" skipped="0">
  <testcase classname="testHospitalSolutions" name="testWithLocationUpperCase" time="0.003"/>
  <system-out/>
  <testcase classname="testHospitalSolutions" name="testWithLocationMixedCase" time="0.002"/>
  <system-out/>
  <testcase classname="testHospitalSolutions" name="testAllOutsidePatients" time="0.047"/>
  <system-out/>
  <testcase classname="testHospitalSolutions" name="testHospitalSolutionsFuctionality" time="0.008"/>
  <system-out/>
  <testcase classname="testHospitalSolutions" name="testWithZeroPatientRecord" time="0.001"/>
  <system-out/>
</testsuite> <!-- testHospitalSolutions -->
